
> user-app@1.0.0 build
> next build

Γû▓ Next.js 16.1.1 (Turbopack)

  Creating an optimized production build ...
Γ£ô Compiled successfully in 3.0s
  Running TypeScript ...
  Collecting page data using 11 workers ...
  Generating static pages using 11 workers (0/16) ...
  Generating static pages using 11 workers (4/16) 
  Generating static pages using 11 workers (8/16) 
  Generating static pages using 11 workers (12/16) 
Γ£ô Generating static pages using 11 workers (16/16) in 365.7ms
  Finalizing page optimization ...

Route (app)
Γöî ╞Æ /
Γö£ Γùï /_not-found
Γö£ ╞Æ /api/auth/[...nextauth]
Γö£ ╞Æ /api/health
Γö£ ╞Æ /api/payment-intents
Γö£ ╞Æ /api/payment-intents/[id]
Γö£ ╞Æ /api/payment-intents/[id]/cancel
Γö£ ╞Æ /api/payment-intents/[id]/confirm
Γö£ ╞Æ /api/payment-intents/[id]/refund
Γö£ ╞Æ /api/user
Γö£ ╞Æ /api/wallet
Γö£ ╞Æ /api/wallet/transactions
Γö£ ╞Æ /api/webhooks/bank
Γö£ ╞Æ /checkout/[paymentIntentId]
Γö£ Γùï /checkout/failed
Γö£ Γùï /checkout/success
Γö£ ╞Æ /dashboard
Γö£ ╞Æ /p2p
Γö£ ╞Æ /transactions
Γöö ╞Æ /transfer


╞Æ Proxy (Middleware)

Γùï  (Static)   prerendered as static content
╞Æ  (Dynamic)  server-rendered on demand

